2024-05-09T14:42:44.376+04:00  INFO 27724 --- [Employees service] [restartedMain] [                                                 ] c.l.s.employees.EmployeesApplication     : Starting EmployeesApplication using Java 21.0.2 with PID 27724 (D:\My Github Projects\Employees Microservices\Employees-service\target\classes started by User in D:\My Github Projects\Employees Microservices)
2024-05-09T14:42:44.422+04:00  INFO 27724 --- [Employees service] [restartedMain] [                                                 ] c.l.s.employees.EmployeesApplication     : The following 1 profile is active: "dev"
2024-05-09T14:42:44.561+04:00  INFO 27724 --- [Employees service] [restartedMain] [                                                 ] .e.DevToolsPropertyDefaultsPostProcessor : Devtools property defaults active! Set 'spring.devtools.add-properties' to 'false' to disable
2024-05-09T14:42:44.563+04:00  INFO 27724 --- [Employees service] [restartedMain] [                                                 ] .e.DevToolsPropertyDefaultsPostProcessor : For additional web related logging consider setting the 'logging.level.web' property to 'DEBUG'
2024-05-09T14:42:48.092+04:00  INFO 27724 --- [Employees service] [restartedMain] [                                                 ] .s.d.r.c.RepositoryConfigurationDelegate : Bootstrapping Spring Data JPA repositories in DEFAULT mode.
2024-05-09T14:42:48.330+04:00  INFO 27724 --- [Employees service] [restartedMain] [                                                 ] .s.d.r.c.RepositoryConfigurationDelegate : Finished Spring Data repository scanning in 216 ms. Found 9 JPA repository interfaces.
2024-05-09T14:42:51.845+04:00  INFO 27724 --- [Employees service] [restartedMain] [                                                 ] o.s.b.w.embedded.tomcat.TomcatWebServer  : Tomcat initialized with port 8070 (http)
2024-05-09T14:42:51.896+04:00  INFO 27724 --- [Employees service] [restartedMain] [                                                 ] o.apache.catalina.core.StandardService   : Starting service [Tomcat]
2024-05-09T14:42:51.898+04:00  INFO 27724 --- [Employees service] [restartedMain] [                                                 ] o.apache.catalina.core.StandardEngine    : Starting Servlet engine: [Apache Tomcat/10.1.20]
2024-05-09T14:42:52.156+04:00  INFO 27724 --- [Employees service] [restartedMain] [                                                 ] o.a.c.c.C.[Tomcat].[localhost].[/]       : Initializing Spring embedded WebApplicationContext
2024-05-09T14:42:52.158+04:00  INFO 27724 --- [Employees service] [restartedMain] [                                                 ] w.s.c.ServletWebServerApplicationContext : Root WebApplicationContext: initialization completed in 7593 ms
2024-05-09T14:42:53.940+04:00  INFO 27724 --- [Employees service] [restartedMain] [                                                 ] o.hibernate.jpa.internal.util.LogHelper  : HHH000204: Processing PersistenceUnitInfo [name: default]
2024-05-09T14:42:54.184+04:00  INFO 27724 --- [Employees service] [restartedMain] [                                                 ] org.hibernate.Version                    : HHH000412: Hibernate ORM core version 6.4.4.Final
2024-05-09T14:42:54.325+04:00  INFO 27724 --- [Employees service] [restartedMain] [                                                 ] o.h.c.internal.RegionFactoryInitiator    : HHH000026: Second-level cache disabled
2024-05-09T14:42:55.225+04:00  INFO 27724 --- [Employees service] [restartedMain] [                                                 ] o.s.o.j.p.SpringPersistenceUnitInfo      : No LoadTimeWeaver setup: ignoring JPA class transformer
2024-05-09T14:42:55.331+04:00  INFO 27724 --- [Employees service] [restartedMain] [                                                 ] com.zaxxer.hikari.HikariDataSource       : HikariPool-1 - Starting...
2024-05-09T14:42:56.841+04:00  INFO 27724 --- [Employees service] [restartedMain] [                                                 ] com.zaxxer.hikari.pool.HikariPool        : HikariPool-1 - Added connection com.mysql.cj.jdbc.ConnectionImpl@7851ad15
2024-05-09T14:42:56.847+04:00  INFO 27724 --- [Employees service] [restartedMain] [                                                 ] com.zaxxer.hikari.HikariDataSource       : HikariPool-1 - Start completed.
2024-05-09T14:43:01.054+04:00  INFO 27724 --- [Employees service] [restartedMain] [                                                 ] o.h.e.t.j.p.i.JtaPlatformInitiator       : HHH000489: No JTA platform available (set 'hibernate.transaction.jta.platform' to enable JTA platform integration)
2024-05-09T14:43:01.395+04:00  INFO 27724 --- [Employees service] [restartedMain] [                                                 ] j.LocalContainerEntityManagerFactoryBean : Initialized JPA EntityManagerFactory for persistence unit 'default'
2024-05-09T14:43:02.828+04:00  INFO 27724 --- [Employees service] [restartedMain] [                                                 ] o.s.d.j.r.query.QueryEnhancerFactory     : Hibernate is in classpath; If applicable, HQL parser will be used.
2024-05-09T14:43:05.867+04:00  WARN 27724 --- [Employees service] [restartedMain] [                                                 ] JpaBaseConfiguration$JpaWebConfiguration : spring.jpa.open-in-view is enabled by default. Therefore, database queries may be performed during view rendering. Explicitly configure spring.jpa.open-in-view to disable this warning
2024-05-09T14:43:06.063+04:00 TRACE 27724 --- [Employees service] [restartedMain] [                                                 ] eGlobalAuthenticationAutowiredConfigurer : Eagerly initializing {securityConfiguration=com.learningspringboot.samah.employees.config.SecurityConfiguration$$SpringCGLIB$$0@54bd5784}
2024-05-09T14:43:09.012+04:00  INFO 27724 --- [Employees service] [restartedMain] [                                                 ] o.s.b.a.e.web.EndpointLinksResolver      : Exposing 1 endpoint(s) beneath base path '/actuator'
2024-05-09T14:43:09.397+04:00  INFO 27724 --- [Employees service] [restartedMain] [                                                 ] o.s.s.web.DefaultSecurityFilterChain     : Will secure any request with [org.springframework.security.web.session.DisableEncodeUrlFilter@52b78a7c, org.springframework.security.web.context.request.async.WebAsyncManagerIntegrationFilter@4117448a, org.springframework.security.web.context.SecurityContextHolderFilter@1fcbba9f, org.springframework.security.web.header.HeaderWriterFilter@74fb4fcb, org.springframework.web.filter.CorsFilter@391fff13, org.springframework.security.web.authentication.logout.LogoutFilter@73a88eaa, org.springframework.security.web.authentication.UsernamePasswordAuthenticationFilter@3eddc3cd, org.springframework.security.web.savedrequest.RequestCacheAwareFilter@7ca3a951, org.springframework.security.web.servletapi.SecurityContextHolderAwareRequestFilter@1825302d, org.springframework.security.web.authentication.AnonymousAuthenticationFilter@a8cabc0, org.springframework.security.web.access.ExceptionTranslationFilter@231ca123, org.springframework.security.web.access.intercept.AuthorizationFilter@d8d1dd1]
2024-05-09T14:43:11.718+04:00  WARN 27724 --- [Employees service] [restartedMain] [                                                 ] o.s.b.d.a.OptionalLiveReloadServer       : Unable to start LiveReload server
2024-05-09T14:43:11.955+04:00  INFO 27724 --- [Employees service] [restartedMain] [                                                 ] o.s.b.w.embedded.tomcat.TomcatWebServer  : Tomcat started on port 8070 (http) with context path ''
2024-05-09T14:43:11.995+04:00  INFO 27724 --- [Employees service] [restartedMain] [                                                 ] c.l.s.employees.EmployeesApplication     : Started EmployeesApplication in 29.259 seconds (process running for 31.201)
2024-05-09T15:04:30.231+04:00  WARN 27724 --- [Employees service] [HikariPool-1 housekeeper] [                                                 ] com.zaxxer.hikari.pool.HikariPool        : HikariPool-1 - Thread starvation or clock leap detected (housekeeper delta=12m3s144ms806µs700ns).
2024-05-09T15:19:42.868+04:00  WARN 27724 --- [Employees service] [HikariPool-1 housekeeper] [                                                 ] com.zaxxer.hikari.pool.HikariPool        : HikariPool-1 - Thread starvation or clock leap detected (housekeeper delta=5m12s462ms947µs800ns).
2024-05-09T16:43:30.934+04:00  WARN 27724 --- [Employees service] [HikariPool-1 housekeeper] [                                                 ] com.zaxxer.hikari.pool.HikariPool        : HikariPool-1 - Thread starvation or clock leap detected (housekeeper delta=41m17s368ms526µs).
